<?xml version="1.0" encoding="UTF-8"?>
<!-- Generated by org.testng.reporters.JUnitReportReporter -->
<testsuite hostname="Rakeshs-MacBook-Air.local" failures="0" tests="2" name="Test_Case01.Login_Test01" time="6.952" errors="0" timestamp="2025-04-11T09:10:32 IST" skipped="0">
  <testcase classname="Test_Case01.Login_Test01" name="LogOut" time="2.349"/>
  <testcase classname="Test_Case01.Login_Test01" name="LoginPage" time="4.603"/>
</testsuite> <!-- Test_Case01.Login_Test01 -->
